This file contains any messages produced by compilers while
running configure, to aid debugging if configure makes a mistake.

It was created by configure, which was
generated by GNU Autoconf 2.57.  Invocation command line was

  $ ./configure 

## --------- ##
## Platform. ##
## --------- ##

hostname = raspberrypi
uname -m = armv7l
uname -r = 4.1.13-v7+
uname -s = Linux
uname -v = #826 SMP PREEMPT Fri Nov 13 20:19:03 GMT 2015

/usr/bin/uname -p = unknown
/bin/uname -X     = unknown

/bin/arch              = unknown
/usr/bin/arch -k       = unknown
/usr/convex/getsysinfo = unknown
hostinfo               = unknown
/bin/machine           = unknown
/usr/bin/oslevel       = unknown
/bin/universe          = unknown

PATH: /usr/local/sbin
PATH: /usr/local/bin
PATH: /usr/sbin
PATH: /usr/bin
PATH: /sbin
PATH: /bin
PATH: /usr/local/games
PATH: /usr/games


## ----------- ##
## Core tests. ##
## ----------- ##

configure:1488: checking build system type
configure:1506: result: armv7l-unknown-linux-gnu
configure:1514: checking host system type
configure:1528: result: armv7l-unknown-linux-gnu
configure:1536: checking target system type
configure:1550: result: armv7l-unknown-linux-gnu
configure:1584: checking for a BSD-compatible install
configure:1638: result: /usr/bin/install -c
configure:1649: checking whether build environment is sane
configure:1692: result: yes
configure:1725: checking for gawk
configure:1754: result: no
configure:1725: checking for mawk
configure:1741: found /usr/bin/mawk
configure:1751: result: mawk
configure:1761: checking whether make sets $(MAKE)
configure:1781: result: yes
configure:2003: checking for gcc
configure:2019: found /usr/bin/gcc
configure:2029: result: gcc
configure:2273: checking for C compiler version
configure:2276: gcc --version </dev/null >&5
gcc (Raspbian 4.9.2-10) 4.9.2
Copyright (C) 2014 Free Software Foundation, Inc.
This is free software; see the source for copying conditions.  There is NO
warranty; not even for MERCHANTABILITY or FITNESS FOR A PARTICULAR PURPOSE.

configure:2279: $? = 0
configure:2281: gcc -v </dev/null >&5
Using built-in specs.
COLLECT_GCC=gcc
COLLECT_LTO_WRAPPER=/usr/lib/gcc/arm-linux-gnueabihf/4.9/lto-wrapper
Target: arm-linux-gnueabihf
Configured with: ../src/configure -v --with-pkgversion='Raspbian 4.9.2-10' --with-bugurl=file:///usr/share/doc/gcc-4.9/README.Bugs --enable-languages=c,c++,java,go,d,fortran,objc,obj-c++ --prefix=/usr --program-suffix=-4.9 --enable-shared --enable-linker-build-id --libexecdir=/usr/lib --without-included-gettext --enable-threads=posix --with-gxx-include-dir=/usr/include/c++/4.9 --libdir=/usr/lib --enable-nls --with-sysroot=/ --enable-clocale=gnu --enable-libstdcxx-debug --enable-libstdcxx-time=yes --enable-gnu-unique-object --disable-libitm --disable-libquadmath --enable-plugin --with-system-zlib --disable-browser-plugin --enable-java-awt=gtk --enable-gtk-cairo --with-java-home=/usr/lib/jvm/java-1.5.0-gcj-4.9-armhf/jre --enable-java-home --with-jvm-root-dir=/usr/lib/jvm/java-1.5.0-gcj-4.9-armhf --with-jvm-jar-dir=/usr/lib/jvm-exports/java-1.5.0-gcj-4.9-armhf --with-arch-directory=arm --with-ecj-jar=/usr/share/java/eclipse-ecj.jar --enable-objc-gc --enable-multiarch --disable-sjlj-exceptions --with-arch=armv6 --with-fpu=vfp --with-float=hard --enable-checking=release --build=arm-linux-gnueabihf --host=arm-linux-gnueabihf --target=arm-linux-gnueabihf
Thread model: posix
gcc version 4.9.2 (Raspbian 4.9.2-10) 
configure:2284: $? = 0
configure:2286: gcc -V </dev/null >&5
gcc: error: unrecognized command line option '-V'
gcc: fatal error: no input files
compilation terminated.
configure:2289: $? = 4
configure:2313: checking for C compiler default output
configure:2316: gcc    conftest.c  >&5
configure:2319: $? = 0
configure:2365: result: a.out
configure:2370: checking whether the C compiler works
configure:2376: ./a.out
configure:2379: $? = 0
configure:2396: result: yes
configure:2403: checking whether we are cross compiling
configure:2405: result: no
configure:2408: checking for suffix of executables
configure:2410: gcc -o conftest    conftest.c  >&5
configure:2413: $? = 0
configure:2438: result: 
configure:2444: checking for suffix of object files
configure:2466: gcc -c   conftest.c >&5
configure:2469: $? = 0
configure:2491: result: o
configure:2495: checking whether we are using the GNU C compiler
configure:2520: gcc -c   conftest.c >&5
configure:2523: $? = 0
configure:2526: test -s conftest.o
configure:2529: $? = 0
configure:2542: result: yes
configure:2548: checking whether gcc accepts -g
configure:2570: gcc -c -g  conftest.c >&5
configure:2573: $? = 0
configure:2576: test -s conftest.o
configure:2579: $? = 0
configure:2590: result: yes
configure:2607: checking for gcc option to accept ANSI C
configure:2668: gcc  -c -g -O2  conftest.c >&5
configure:2671: $? = 0
configure:2674: test -s conftest.o
configure:2677: $? = 0
configure:2695: result: none needed
configure:2713: gcc -c -g -O2  conftest.c >&5
conftest.c:2:3: error: unknown type name 'choke'
   choke me
   ^
conftest.c:2:3: error: expected '=', ',', ';', 'asm' or '__attribute__' at end of input
configure:2716: $? = 1
configure: failed program was:
| #ifndef __cplusplus
|   choke me
| #endif
configure:2844: checking for style of include used by make
configure:2872: result: GNU
configure:2900: checking dependency style of gcc
configure:2962: result: gcc3
configure:2984: checking how to run the C preprocessor
configure:3020: gcc -E  conftest.c
configure:3026: $? = 0
configure:3058: gcc -E  conftest.c
configure:3059:28: fatal error: ac_nonexistent.h: No such file or directory
   (eval $ac_cpp conftest.$ac_ext) 2>conftest.er1
                            ^
compilation terminated.
configure:3064: $? = 1
configure: failed program was:
| #line 3049 "configure"
| /* confdefs.h.  */
| 
| #define PACKAGE_NAME ""
| #define PACKAGE_TARNAME ""
| #define PACKAGE_VERSION ""
| #define PACKAGE_STRING ""
| #define PACKAGE_BUGREPORT ""
| #define PACKAGE "audiere"
| #define VERSION "1.9.3"
| /* end confdefs.h.  */
| #include <ac_nonexistent.h>
configure:3102: result: gcc -E
configure:3127: gcc -E  conftest.c
configure:3133: $? = 0
configure:3165: gcc -E  conftest.c
configure:3166:28: fatal error: ac_nonexistent.h: No such file or directory
   (eval $ac_cpp conftest.$ac_ext) 2>conftest.er1
                            ^
compilation terminated.
configure:3171: $? = 1
configure: failed program was:
| #line 3156 "configure"
| /* confdefs.h.  */
| 
| #define PACKAGE_NAME ""
| #define PACKAGE_TARNAME ""
| #define PACKAGE_VERSION ""
| #define PACKAGE_STRING ""
| #define PACKAGE_BUGREPORT ""
| #define PACKAGE "audiere"
| #define VERSION "1.9.3"
| /* end confdefs.h.  */
| #include <ac_nonexistent.h>
configure:3265: checking for g++
configure:3281: found /usr/bin/g++
configure:3291: result: g++
configure:3307: checking for C++ compiler version
configure:3310: g++ --version </dev/null >&5
g++ (Raspbian 4.9.2-10) 4.9.2
Copyright (C) 2014 Free Software Foundation, Inc.
This is free software; see the source for copying conditions.  There is NO
warranty; not even for MERCHANTABILITY or FITNESS FOR A PARTICULAR PURPOSE.

configure:3313: $? = 0
configure:3315: g++ -v </dev/null >&5
Using built-in specs.
COLLECT_GCC=g++
COLLECT_LTO_WRAPPER=/usr/lib/gcc/arm-linux-gnueabihf/4.9/lto-wrapper
Target: arm-linux-gnueabihf
Configured with: ../src/configure -v --with-pkgversion='Raspbian 4.9.2-10' --with-bugurl=file:///usr/share/doc/gcc-4.9/README.Bugs --enable-languages=c,c++,java,go,d,fortran,objc,obj-c++ --prefix=/usr --program-suffix=-4.9 --enable-shared --enable-linker-build-id --libexecdir=/usr/lib --without-included-gettext --enable-threads=posix --with-gxx-include-dir=/usr/include/c++/4.9 --libdir=/usr/lib --enable-nls --with-sysroot=/ --enable-clocale=gnu --enable-libstdcxx-debug --enable-libstdcxx-time=yes --enable-gnu-unique-object --disable-libitm --disable-libquadmath --enable-plugin --with-system-zlib --disable-browser-plugin --enable-java-awt=gtk --enable-gtk-cairo --with-java-home=/usr/lib/jvm/java-1.5.0-gcj-4.9-armhf/jre --enable-java-home --with-jvm-root-dir=/usr/lib/jvm/java-1.5.0-gcj-4.9-armhf --with-jvm-jar-dir=/usr/lib/jvm-exports/java-1.5.0-gcj-4.9-armhf --with-arch-directory=arm --with-ecj-jar=/usr/share/java/eclipse-ecj.jar --enable-objc-gc --enable-multiarch --disable-sjlj-exceptions --with-arch=armv6 --with-fpu=vfp --with-float=hard --enable-checking=release --build=arm-linux-gnueabihf --host=arm-linux-gnueabihf --target=arm-linux-gnueabihf
Thread model: posix
gcc version 4.9.2 (Raspbian 4.9.2-10) 
configure:3318: $? = 0
configure:3320: g++ -V </dev/null >&5
g++: error: unrecognized command line option '-V'
g++: fatal error: no input files
compilation terminated.
configure:3323: $? = 4
configure:3326: checking whether we are using the GNU C++ compiler
configure:3351: g++ -c   conftest.cc >&5
configure:3354: $? = 0
configure:3357: test -s conftest.o
configure:3360: $? = 0
configure:3373: result: yes
configure:3379: checking whether g++ accepts -g
configure:3401: g++ -c -g  conftest.cc >&5
configure:3404: $? = 0
configure:3407: test -s conftest.o
configure:3410: $? = 0
configure:3421: result: yes
configure:3465: g++ -c -g -O2  conftest.cc >&5
configure:3468: $? = 0
configure:3471: test -s conftest.o
configure:3474: $? = 0
configure:3501: g++ -c -g -O2  conftest.cc >&5
configure: In function 'int main()':
configure:3498:9: error: 'exit' was not declared in this scope
 }
         ^
configure:3504: $? = 1
configure: failed program was:
| #line 3484 "configure"
| /* confdefs.h.  */
| 
| #define PACKAGE_NAME ""
| #define PACKAGE_TARNAME ""
| #define PACKAGE_VERSION ""
| #define PACKAGE_STRING ""
| #define PACKAGE_BUGREPORT ""
| #define PACKAGE "audiere"
| #define VERSION "1.9.3"
| /* end confdefs.h.  */
| 
| int
| main ()
| {
| exit (42);
|   ;
|   return 0;
| }
configure:3465: g++ -c -g -O2  conftest.cc >&5
configure:3468: $? = 0
configure:3471: test -s conftest.o
configure:3474: $? = 0
configure:3501: g++ -c -g -O2  conftest.cc >&5
configure:3504: $? = 0
configure:3507: test -s conftest.o
configure:3510: $? = 0
configure:3535: checking dependency style of g++
configure:3597: result: gcc3
configure:3619: checking how to run the C++ preprocessor
configure:3651: g++ -E  conftest.cc
configure:3657: $? = 0
configure:3689: g++ -E  conftest.cc
configure:3693:28: fatal error: ac_nonexistent.h: No such file or directory
   rm -f conftest.er1
                            ^
compilation terminated.
configure:3695: $? = 1
configure: failed program was:
| #line 3680 "configure"
| /* confdefs.h.  */
| 
| #define PACKAGE_NAME ""
| #define PACKAGE_TARNAME ""
| #define PACKAGE_VERSION ""
| #define PACKAGE_STRING ""
| #define PACKAGE_BUGREPORT ""
| #define PACKAGE "audiere"
| #define VERSION "1.9.3"
| #ifdef __cplusplus
| #include <stdlib.h>
| #endif
| /* end confdefs.h.  */
| #include <ac_nonexistent.h>
configure:3733: result: g++ -E
configure:3758: g++ -E  conftest.cc
configure:3764: $? = 0
configure:3796: g++ -E  conftest.cc
configure:3800:28: fatal error: ac_nonexistent.h: No such file or directory
   rm -f conftest.er1
                            ^
compilation terminated.
configure:3802: $? = 1
configure: failed program was:
| #line 3787 "configure"
| /* confdefs.h.  */
| 
| #define PACKAGE_NAME ""
| #define PACKAGE_TARNAME ""
| #define PACKAGE_VERSION ""
| #define PACKAGE_STRING ""
| #define PACKAGE_BUGREPORT ""
| #define PACKAGE "audiere"
| #define VERSION "1.9.3"
| #ifdef __cplusplus
| #include <stdlib.h>
| #endif
| /* end confdefs.h.  */
| #include <ac_nonexistent.h>
configure:3844: checking whether make sets $(MAKE)
configure:3864: result: yes
configure:3961: checking for ld used by GCC
configure:4024: result: /usr/bin/ld
configure:4033: checking if the linker (/usr/bin/ld) is GNU ld
GNU ld (GNU Binutils for Raspbian) 2.25
configure:4045: result: yes
configure:4050: checking for /usr/bin/ld option to reload object files
configure:4057: result: -r
configure:4062: checking for BSD-compatible nm
configure:4098: result: /usr/bin/nm -B
configure:4101: checking whether ln -s works
configure:4105: result: yes
configure:4112: checking how to recognise dependant libraries
configure:4290: result: file_magic ELF [0-9][0-9]*-bit [LM]SB (shared object|dynamic lib )
configure:4303: checking command to parse /usr/bin/nm -B output
configure:4384: gcc -c -g -O2  conftest.c >&5
configure:4387: $? = 0
configure:4391: /usr/bin/nm -B conftest.o \| sed -n -e 's/^.*[ 	]\([ABCDGISTW][ABCDGISTW]*\)[ 	][ 	]*\(\)\([_A-Za-z][_A-Za-z0-9]*\)$/\1 \2\3 \3/p' \> conftest.nm
configure:4394: $? = 0
configure:4446: gcc -o conftest -g -O2   conftest.c conftstm.o >&5
configure:4449: $? = 0
configure:4493: result: ok
configure:4498: checking for egrep
configure:4508: result: grep -E
configure:4513: checking for ANSI C header files
configure:4539: gcc -c -g -O2  conftest.c >&5
configure:4542: $? = 0
configure:4545: test -s conftest.o
configure:4548: $? = 0
configure:4640: gcc -o conftest -g -O2   conftest.c  >&5
configure: In function 'main':
configure:4638:7: warning: incompatible implicit declaration of built-in function 'exit'
 _ACEOF
       ^
configure:4643: $? = 0
configure:4645: ./conftest
configure:4648: $? = 0
configure:4663: result: yes
configure:4687: checking for sys/types.h
configure:4704: gcc -c -g -O2  conftest.c >&5
configure:4707: $? = 0
configure:4710: test -s conftest.o
configure:4713: $? = 0
configure:4724: result: yes
configure:4687: checking for sys/stat.h
configure:4704: gcc -c -g -O2  conftest.c >&5
configure:4707: $? = 0
configure:4710: test -s conftest.o
configure:4713: $? = 0
configure:4724: result: yes
configure:4687: checking for stdlib.h
configure:4704: gcc -c -g -O2  conftest.c >&5
configure:4707: $? = 0
configure:4710: test -s conftest.o
configure:4713: $? = 0
configure:4724: result: yes
configure:4687: checking for string.h
configure:4704: gcc -c -g -O2  conftest.c >&5
configure:4707: $? = 0
configure:4710: test -s conftest.o
configure:4713: $? = 0
configure:4724: result: yes
configure:4687: checking for memory.h
configure:4704: gcc -c -g -O2  conftest.c >&5
configure:4707: $? = 0
configure:4710: test -s conftest.o
configure:4713: $? = 0
configure:4724: result: yes
configure:4687: checking for strings.h
configure:4704: gcc -c -g -O2  conftest.c >&5
configure:4707: $? = 0
configure:4710: test -s conftest.o
configure:4713: $? = 0
configure:4724: result: yes
configure:4687: checking for inttypes.h
configure:4704: gcc -c -g -O2  conftest.c >&5
configure:4707: $? = 0
configure:4710: test -s conftest.o
configure:4713: $? = 0
configure:4724: result: yes
configure:4687: checking for stdint.h
configure:4704: gcc -c -g -O2  conftest.c >&5
configure:4707: $? = 0
configure:4710: test -s conftest.o
configure:4713: $? = 0
configure:4724: result: yes
configure:4687: checking for unistd.h
configure:4704: gcc -c -g -O2  conftest.c >&5
configure:4707: $? = 0
configure:4710: test -s conftest.o
configure:4713: $? = 0
configure:4724: result: yes
configure:4750: checking dlfcn.h usability
configure:4763: gcc -c -g -O2  conftest.c >&5
configure:4766: $? = 0
configure:4769: test -s conftest.o
configure:4772: $? = 0
configure:4782: result: yes
configure:4786: checking dlfcn.h presence
configure:4797: gcc -E  conftest.c
configure:4803: $? = 0
configure:4822: result: yes
configure:4858: checking for dlfcn.h
configure:4865: result: yes
configure:4886: checking for file
configure:4941: result: /usr/bin/file
configure:5062: checking for ranlib
configure:5078: found /usr/bin/ranlib
configure:5089: result: ranlib
configure:5142: checking for strip
configure:5158: found /usr/bin/strip
configure:5169: result: strip
configure:5379: checking for objdir
configure:5390: result: .libs
configure:5407: checking for gcc option to produce PIC
configure:5557: result: -fPIC
configure:5561: checking if gcc PIC flag -fPIC works
configure:5585: gcc -c -g -O2 -fPIC -DPIC  conftest.c >&5
configure:5588: $? = 0
configure:5591: test -s conftest.o
configure:5594: $? = 0
configure:5632: result: yes
configure:5648: checking if gcc static flag -static works
configure:5673: gcc -o conftest -g -O2   -static conftest.c  >&5
configure:5676: $? = 0
configure:5679: test -s conftest
configure:5682: $? = 0
configure:5698: result: yes
configure:5710: checking if gcc supports -c -o file.o
configure:5730: gcc -c -g -O2 -o out/conftest2.o  conftest.c >&5
configure:5754: result: yes
configure:5759: checking if gcc supports -c -o file.lo
configure:5787: gcc -c -g -O2 -c -o conftest.lo  conftest.c >&5
configure:5790: $? = 0
configure:5793: test -s conftest.lo
configure:5796: $? = 0
configure:5818: result: yes
configure:5849: checking if gcc supports -fno-rtti -fno-exceptions
configure:5872: gcc -c -g -O2 -fno-rtti -fno-exceptions -c conftest.c  conftest.c >&5
cc1: warning: command line option '-fno-rtti' is valid for C++/ObjC++ but not for C
cc1: warning: command line option '-fno-rtti' is valid for C++/ObjC++ but not for C
configure:5875: $? = 0
configure:5878: test -s conftest.o
configure:5881: $? = 0
configure:5898: result: yes
configure:5909: checking whether the linker (/usr/bin/ld) supports shared libraries
configure:6589: result: yes
configure:6594: checking how to hardcode library paths into programs
configure:6618: result: immediate
configure:6623: checking whether stripping libraries is possible
configure:6628: result: yes
configure:6639: checking dynamic linker characteristics
configure:7032: result: GNU/Linux ld.so
configure:7037: checking if libtool supports shared libraries
configure:7039: result: yes
configure:7042: checking whether to build shared libraries
configure:7063: result: yes
configure:7066: checking whether to build static libraries
configure:7070: result: yes
configure:7744: checking whether -lc should be explicitly linked in
configure:7752: gcc -c -g -O2  conftest.c >&5
configure:7755: $? = 0
configure:7769: gcc -shared conftest.o  -v -Wl,-soname -Wl,conftest -o conftest 2\>\&1 \| grep  -lc  \>/dev/null 2\>\&1
configure:7772: $? = 0
configure:7785: result: no
configure:8378: checking for pthread_create in -lpthread
configure:8409: g++ -o conftest -g -O2 -Wall -Wno-non-virtual-dtor   conftest.cc -lpthread   >&5
configure:8412: $? = 0
configure:8415: test -s conftest
configure:8418: $? = 0
configure:8430: result: yes
configure:8443: checking for FLAC__seekable_stream_decoder_process_single in -lFLAC
configure:8474: g++ -o conftest -g -O2 -Wall -Wno-non-virtual-dtor   conftest.cc -lFLAC -lm -lpthread  >&5
/usr/bin/ld: cannot find -lFLAC
collect2: error: ld returned 1 exit status
configure:8477: $? = 1
configure: failed program was:
| #line 8450 "configure"
| /* confdefs.h.  */
| 
| #define PACKAGE_NAME ""
| #define PACKAGE_TARNAME ""
| #define PACKAGE_VERSION ""
| #define PACKAGE_STRING ""
| #define PACKAGE_BUGREPORT ""
| #define PACKAGE "audiere"
| #define VERSION "1.9.3"
| #ifdef __cplusplus
| #include <stdlib.h>
| #endif
| #define STDC_HEADERS 1
| #define HAVE_SYS_TYPES_H 1
| #define HAVE_SYS_STAT_H 1
| #define HAVE_STDLIB_H 1
| #define HAVE_STRING_H 1
| #define HAVE_MEMORY_H 1
| #define HAVE_STRINGS_H 1
| #define HAVE_INTTYPES_H 1
| #define HAVE_STDINT_H 1
| #define HAVE_UNISTD_H 1
| #define HAVE_DLFCN_H 1
| /* end confdefs.h.  */
| 
| /* Override any gcc2 internal prototype to avoid an error.  */
| #ifdef __cplusplus
| extern "C"
| #endif
| /* We use char because int might match the return type of a gcc2
|    builtin and then its argument prototype would still apply.  */
| char FLAC__seekable_stream_decoder_process_single ();
| int
| main ()
| {
| FLAC__seekable_stream_decoder_process_single ();
|   ;
|   return 0;
| }
configure:8495: result: no
configure:8503: WARNING: libFLAC not found.  Install FLAC from http://flac.sourceforge.net/
configure:8505: WARNING: Disabling FLAC support.
configure:8525: checking for duh_start_renderer in -ldumb
configure:8556: g++ -o conftest -g -O2 -Wall -Wno-non-virtual-dtor   conftest.cc -ldumb  -lpthread  >&5
/usr/bin/ld: cannot find -ldumb
collect2: error: ld returned 1 exit status
configure:8559: $? = 1
configure: failed program was:
| #line 8532 "configure"
| /* confdefs.h.  */
| 
| #define PACKAGE_NAME ""
| #define PACKAGE_TARNAME ""
| #define PACKAGE_VERSION ""
| #define PACKAGE_STRING ""
| #define PACKAGE_BUGREPORT ""
| #define PACKAGE "audiere"
| #define VERSION "1.9.3"
| #ifdef __cplusplus
| #include <stdlib.h>
| #endif
| #define STDC_HEADERS 1
| #define HAVE_SYS_TYPES_H 1
| #define HAVE_SYS_STAT_H 1
| #define HAVE_STDLIB_H 1
| #define HAVE_STRING_H 1
| #define HAVE_MEMORY_H 1
| #define HAVE_STRINGS_H 1
| #define HAVE_INTTYPES_H 1
| #define HAVE_STDINT_H 1
| #define HAVE_UNISTD_H 1
| #define HAVE_DLFCN_H 1
| #define NO_FLAC 1
| /* end confdefs.h.  */
| 
| /* Override any gcc2 internal prototype to avoid an error.  */
| #ifdef __cplusplus
| extern "C"
| #endif
| /* We use char because int might match the return type of a gcc2
|    builtin and then its argument prototype would still apply.  */
| char duh_start_renderer ();
| int
| main ()
| {
| duh_start_renderer ();
|   ;
|   return 0;
| }
configure:8577: result: no
configure:8585: WARNING: libdumb not found.  Install DUMB from http://dumb.sourceforge.net/
configure:8587: WARNING: Disabling DUMB support.
configure:8606: checking for library containing clock_gettime
configure:8637: g++ -o conftest -g -O2 -Wall -Wno-non-virtual-dtor   conftest.cc -lpthread  >&5
configure:8640: $? = 0
configure:8643: test -s conftest
configure:8646: $? = 0
configure:8705: result: none required
configure:8716: checking for alNewConfig in -laudio
configure:8747: g++ -o conftest -g -O2 -Wall -Wno-non-virtual-dtor   conftest.cc -laudio  -lpthread  >&5
/usr/bin/ld: cannot find -laudio
collect2: error: ld returned 1 exit status
configure:8750: $? = 1
configure: failed program was:
| #line 8723 "configure"
| /* confdefs.h.  */
| 
| #define PACKAGE_NAME ""
| #define PACKAGE_TARNAME ""
| #define PACKAGE_VERSION ""
| #define PACKAGE_STRING ""
| #define PACKAGE_BUGREPORT ""
| #define PACKAGE "audiere"
| #define VERSION "1.9.3"
| #ifdef __cplusplus
| #include <stdlib.h>
| #endif
| #define STDC_HEADERS 1
| #define HAVE_SYS_TYPES_H 1
| #define HAVE_SYS_STAT_H 1
| #define HAVE_STDLIB_H 1
| #define HAVE_STRING_H 1
| #define HAVE_MEMORY_H 1
| #define HAVE_STRINGS_H 1
| #define HAVE_INTTYPES_H 1
| #define HAVE_STDINT_H 1
| #define HAVE_UNISTD_H 1
| #define HAVE_DLFCN_H 1
| #define NO_FLAC 1
| #define NO_DUMB 1
| #define HAVE_CLOCK_GETTIME 1
| /* end confdefs.h.  */
| 
| /* Override any gcc2 internal prototype to avoid an error.  */
| #ifdef __cplusplus
| extern "C"
| #endif
| /* We use char because int might match the return type of a gcc2
|    builtin and then its argument prototype would still apply.  */
| char alNewConfig ();
| int
| main ()
| {
| alNewConfig ();
|   ;
|   return 0;
| }
configure:8768: result: no
configure:8793: checking for wx-config
configure:8825: result: no
configure:8834: WARNING: wxWindows not found, not building wxPlayer.
        See http://www.wxwindows.org/
configure:8920: checking for ANSI C header files
configure:9070: result: yes
configure:9081: checking for unistd.h
configure:9086: result: yes
configure:9221: checking sys/soundcard.h usability
configure:9234: g++ -c -g -O2 -Wall -Wno-non-virtual-dtor  conftest.cc >&5
configure:9237: $? = 0
configure:9240: test -s conftest.o
configure:9243: $? = 0
configure:9253: result: yes
configure:9257: checking sys/soundcard.h presence
configure:9268: g++ -E  conftest.cc
configure:9274: $? = 0
configure:9293: result: yes
configure:9329: checking for sys/soundcard.h
configure:9336: result: yes
configure:9370: checking vorbis/vorbisfile.h usability
configure:9383: g++ -c -g -O2 -Wall -Wno-non-virtual-dtor  conftest.cc >&5
configure:9435:31: fatal error: vorbis/vorbisfile.h: No such file or directory
 else
                               ^
compilation terminated.
configure:9386: $? = 1
configure: failed program was:
| #line 9372 "configure"
| /* confdefs.h.  */
| 
| #define PACKAGE_NAME ""
| #define PACKAGE_TARNAME ""
| #define PACKAGE_VERSION ""
| #define PACKAGE_STRING ""
| #define PACKAGE_BUGREPORT ""
| #define PACKAGE "audiere"
| #define VERSION "1.9.3"
| #ifdef __cplusplus
| #include <stdlib.h>
| #endif
| #define STDC_HEADERS 1
| #define HAVE_SYS_TYPES_H 1
| #define HAVE_SYS_STAT_H 1
| #define HAVE_STDLIB_H 1
| #define HAVE_STRING_H 1
| #define HAVE_MEMORY_H 1
| #define HAVE_STRINGS_H 1
| #define HAVE_INTTYPES_H 1
| #define HAVE_STDINT_H 1
| #define HAVE_UNISTD_H 1
| #define HAVE_DLFCN_H 1
| #define NO_FLAC 1
| #define NO_DUMB 1
| #define HAVE_CLOCK_GETTIME 1
| #define STDC_HEADERS 1
| #define HAVE_OSS 1
| /* end confdefs.h.  */
| #include <stdio.h>
| #if HAVE_SYS_TYPES_H
| # include <sys/types.h>
| #endif
| #if HAVE_SYS_STAT_H
| # include <sys/stat.h>
| #endif
| #if STDC_HEADERS
| # include <stdlib.h>
| # include <stddef.h>
| #else
| # if HAVE_STDLIB_H
| #  include <stdlib.h>
| # endif
| #endif
| #if HAVE_STRING_H
| # if !STDC_HEADERS && HAVE_MEMORY_H
| #  include <memory.h>
| # endif
| # include <string.h>
| #endif
| #if HAVE_STRINGS_H
| # include <strings.h>
| #endif
| #if HAVE_INTTYPES_H
| # include <inttypes.h>
| #else
| # if HAVE_STDINT_H
| #  include <stdint.h>
| # endif
| #endif
| #if HAVE_UNISTD_H
| # include <unistd.h>
| #endif
| #include <vorbis/vorbisfile.h>
configure:9402: result: no
configure:9406: checking vorbis/vorbisfile.h presence
configure:9417: g++ -E  conftest.cc
configure:9437:31: fatal error: vorbis/vorbisfile.h: No such file or directory
 sed 's/^/| /' conftest.$ac_ext >&5
                               ^
compilation terminated.
configure:9423: $? = 1
configure: failed program was:
| #line 9408 "configure"
| /* confdefs.h.  */
| 
| #define PACKAGE_NAME ""
| #define PACKAGE_TARNAME ""
| #define PACKAGE_VERSION ""
| #define PACKAGE_STRING ""
| #define PACKAGE_BUGREPORT ""
| #define PACKAGE "audiere"
| #define VERSION "1.9.3"
| #ifdef __cplusplus
| #include <stdlib.h>
| #endif
| #define STDC_HEADERS 1
| #define HAVE_SYS_TYPES_H 1
| #define HAVE_SYS_STAT_H 1
| #define HAVE_STDLIB_H 1
| #define HAVE_STRING_H 1
| #define HAVE_MEMORY_H 1
| #define HAVE_STRINGS_H 1
| #define HAVE_INTTYPES_H 1
| #define HAVE_STDINT_H 1
| #define HAVE_UNISTD_H 1
| #define HAVE_DLFCN_H 1
| #define NO_FLAC 1
| #define NO_DUMB 1
| #define HAVE_CLOCK_GETTIME 1
| #define STDC_HEADERS 1
| #define HAVE_OSS 1
| /* end confdefs.h.  */
| #include <vorbis/vorbisfile.h>
configure:9442: result: no
configure:9478: checking for vorbis/vorbisfile.h
configure:9485: result: no
configure:9496: WARNING: Could not find vorbisfile header.  You do not appear to have libvorbis installed.
Get libvorbis from http://www.vorbis.com/
configure:9499: WARNING: Disabling Ogg Vorbis support.
configure:9529: checking dsound.h usability
configure:9542: g++ -c -g -O2 -Wall -Wno-non-virtual-dtor  conftest.cc >&5
configure:9595:20: fatal error: dsound.h: No such file or directory
   echo "$as_me: failed program was:" >&5
                    ^
compilation terminated.
configure:9545: $? = 1
configure: failed program was:
| #line 9531 "configure"
| /* confdefs.h.  */
| 
| #define PACKAGE_NAME ""
| #define PACKAGE_TARNAME ""
| #define PACKAGE_VERSION ""
| #define PACKAGE_STRING ""
| #define PACKAGE_BUGREPORT ""
| #define PACKAGE "audiere"
| #define VERSION "1.9.3"
| #ifdef __cplusplus
| #include <stdlib.h>
| #endif
| #define STDC_HEADERS 1
| #define HAVE_SYS_TYPES_H 1
| #define HAVE_SYS_STAT_H 1
| #define HAVE_STDLIB_H 1
| #define HAVE_STRING_H 1
| #define HAVE_MEMORY_H 1
| #define HAVE_STRINGS_H 1
| #define HAVE_INTTYPES_H 1
| #define HAVE_STDINT_H 1
| #define HAVE_UNISTD_H 1
| #define HAVE_DLFCN_H 1
| #define NO_FLAC 1
| #define NO_DUMB 1
| #define HAVE_CLOCK_GETTIME 1
| #define STDC_HEADERS 1
| #define HAVE_OSS 1
| #define NO_OGG 1
| /* end confdefs.h.  */
| #include <stdio.h>
| #if HAVE_SYS_TYPES_H
| # include <sys/types.h>
| #endif
| #if HAVE_SYS_STAT_H
| # include <sys/stat.h>
| #endif
| #if STDC_HEADERS
| # include <stdlib.h>
| # include <stddef.h>
| #else
| # if HAVE_STDLIB_H
| #  include <stdlib.h>
| # endif
| #endif
| #if HAVE_STRING_H
| # if !STDC_HEADERS && HAVE_MEMORY_H
| #  include <memory.h>
| # endif
| # include <string.h>
| #endif
| #if HAVE_STRINGS_H
| # include <strings.h>
| #endif
| #if HAVE_INTTYPES_H
| # include <inttypes.h>
| #else
| # if HAVE_STDINT_H
| #  include <stdint.h>
| # endif
| #endif
| #if HAVE_UNISTD_H
| # include <unistd.h>
| #endif
| #include <dsound.h>
configure:9561: result: no
configure:9565: checking dsound.h presence
configure:9576: g++ -E  conftest.cc
configure:9597:20: fatal error: dsound.h: No such file or directory
 
                    ^
compilation terminated.
configure:9582: $? = 1
configure: failed program was:
| #line 9567 "configure"
| /* confdefs.h.  */
| 
| #define PACKAGE_NAME ""
| #define PACKAGE_TARNAME ""
| #define PACKAGE_VERSION ""
| #define PACKAGE_STRING ""
| #define PACKAGE_BUGREPORT ""
| #define PACKAGE "audiere"
| #define VERSION "1.9.3"
| #ifdef __cplusplus
| #include <stdlib.h>
| #endif
| #define STDC_HEADERS 1
| #define HAVE_SYS_TYPES_H 1
| #define HAVE_SYS_STAT_H 1
| #define HAVE_STDLIB_H 1
| #define HAVE_STRING_H 1
| #define HAVE_MEMORY_H 1
| #define HAVE_STRINGS_H 1
| #define HAVE_INTTYPES_H 1
| #define HAVE_STDINT_H 1
| #define HAVE_UNISTD_H 1
| #define HAVE_DLFCN_H 1
| #define NO_FLAC 1
| #define NO_DUMB 1
| #define HAVE_CLOCK_GETTIME 1
| #define STDC_HEADERS 1
| #define HAVE_OSS 1
| #define NO_OGG 1
| /* end confdefs.h.  */
| #include <dsound.h>
configure:9601: result: no
configure:9637: checking for dsound.h
configure:9644: result: no
configure:9670: checking for mmsystem.h
configure:9687: g++ -c -g -O2 -Wall -Wno-non-virtual-dtor  conftest.cc >&5
configure:9705:21: fatal error: windows.h: No such file or directory
 rm -f conftest.$ac_objext conftest.$ac_ext
                     ^
compilation terminated.
configure:9690: $? = 1
configure: failed program was:
| #line 9675 "configure"
| /* confdefs.h.  */
| 
| #define PACKAGE_NAME ""
| #define PACKAGE_TARNAME ""
| #define PACKAGE_VERSION ""
| #define PACKAGE_STRING ""
| #define PACKAGE_BUGREPORT ""
| #define PACKAGE "audiere"
| #define VERSION "1.9.3"
| #ifdef __cplusplus
| #include <stdlib.h>
| #endif
| #define STDC_HEADERS 1
| #define HAVE_SYS_TYPES_H 1
| #define HAVE_SYS_STAT_H 1
| #define HAVE_STDLIB_H 1
| #define HAVE_STRING_H 1
| #define HAVE_MEMORY_H 1
| #define HAVE_STRINGS_H 1
| #define HAVE_INTTYPES_H 1
| #define HAVE_STDINT_H 1
| #define HAVE_UNISTD_H 1
| #define HAVE_DLFCN_H 1
| #define NO_FLAC 1
| #define NO_DUMB 1
| #define HAVE_CLOCK_GETTIME 1
| #define STDC_HEADERS 1
| #define HAVE_OSS 1
| #define NO_OGG 1
| /* end confdefs.h.  */
| #include <windows.h>
| 
| #include <mmsystem.h>
configure:9707: result: no
configure:9733: checking whether byte ordering is bigendian
configure:9761: g++ -c -g -O2 -Wall -Wno-non-virtual-dtor  conftest.cc >&5
configure:9764: $? = 0
configure:9767: test -s conftest.o
configure:9770: $? = 0
configure:9795: g++ -c -g -O2 -Wall -Wno-non-virtual-dtor  conftest.cc >&5
configure: In function 'int main()':
configure:9810:6: error: 'big' was not declared in this scope
 
      ^
configure:9798: $? = 1
configure: failed program was:
| #line 9773 "configure"
| /* confdefs.h.  */
| 
| #define PACKAGE_NAME ""
| #define PACKAGE_TARNAME ""
| #define PACKAGE_VERSION ""
| #define PACKAGE_STRING ""
| #define PACKAGE_BUGREPORT ""
| #define PACKAGE "audiere"
| #define VERSION "1.9.3"
| #ifdef __cplusplus
| #include <stdlib.h>
| #endif
| #define STDC_HEADERS 1
| #define HAVE_SYS_TYPES_H 1
| #define HAVE_SYS_STAT_H 1
| #define HAVE_STDLIB_H 1
| #define HAVE_STRING_H 1
| #define HAVE_MEMORY_H 1
| #define HAVE_STRINGS_H 1
| #define HAVE_INTTYPES_H 1
| #define HAVE_STDINT_H 1
| #define HAVE_UNISTD_H 1
| #define HAVE_DLFCN_H 1
| #define NO_FLAC 1
| #define NO_DUMB 1
| #define HAVE_CLOCK_GETTIME 1
| #define STDC_HEADERS 1
| #define HAVE_OSS 1
| #define NO_OGG 1
| /* end confdefs.h.  */
| #include <sys/types.h>
| #include <sys/param.h>
| 
| int
| main ()
| {
| #if BYTE_ORDER != BIG_ENDIAN
|  not big endian
| #endif
| 
|   ;
|   return 0;
| }
configure:9918: result: no
configure:10146: creating ./config.status

## ---------------------- ##
## Running config.status. ##
## ---------------------- ##

This file was extended by config.status, which was
generated by GNU Autoconf 2.57.  Invocation command line was

  CONFIG_FILES    = 
  CONFIG_HEADERS  = 
  CONFIG_LINKS    = 
  CONFIG_COMMANDS = 
  $ ./config.status 

on raspberrypi

config.status:702: creating audiere-config
config.status:702: creating Makefile
config.status:702: creating doc/Makefile
config.status:702: creating examples/Makefile
config.status:702: creating examples/simple/Makefile
config.status:702: creating examples/wxPlayer/Makefile
config.status:702: creating src/Makefile
config.status:702: creating src/mpegsound/Makefile
config.status:702: creating test/Makefile
config.status:702: creating test/buffer/Makefile
config.status:702: creating test/device/Makefile
config.status:702: creating test/formats/Makefile
config.status:702: creating test/interactive/Makefile
config.status:702: creating test/performance/Makefile
config.status:827: executing depfiles commands
config.status:827: executing default commands

## ---------------- ##
## Cache variables. ##
## ---------------- ##

ac_cv_build=armv7l-unknown-linux-gnu
ac_cv_build_alias=armv7l-unknown-linux-gnu
ac_cv_c_bigendian=no
ac_cv_c_compiler_gnu=yes
ac_cv_cxx_compiler_gnu=yes
ac_cv_env_CC_set=
ac_cv_env_CC_value=
ac_cv_env_CFLAGS_set=
ac_cv_env_CFLAGS_value=
ac_cv_env_CPPFLAGS_set=
ac_cv_env_CPPFLAGS_value=
ac_cv_env_CPP_set=
ac_cv_env_CPP_value=
ac_cv_env_CXXCPP_set=
ac_cv_env_CXXCPP_value=
ac_cv_env_CXXFLAGS_set=
ac_cv_env_CXXFLAGS_value=
ac_cv_env_CXX_set=
ac_cv_env_CXX_value=
ac_cv_env_LDFLAGS_set=
ac_cv_env_LDFLAGS_value=
ac_cv_env_build_alias_set=
ac_cv_env_build_alias_value=
ac_cv_env_host_alias_set=
ac_cv_env_host_alias_value=
ac_cv_env_target_alias_set=
ac_cv_env_target_alias_value=
ac_cv_exeext=
ac_cv_header_dlfcn_h=yes
ac_cv_header_dsound_h=no
ac_cv_header_inttypes_h=yes
ac_cv_header_memory_h=yes
ac_cv_header_mmsystem_h=no
ac_cv_header_stdc=yes
ac_cv_header_stdint_h=yes
ac_cv_header_stdlib_h=yes
ac_cv_header_string_h=yes
ac_cv_header_strings_h=yes
ac_cv_header_sys_soundcard_h=yes
ac_cv_header_sys_stat_h=yes
ac_cv_header_sys_types_h=yes
ac_cv_header_unistd_h=yes
ac_cv_header_vorbis_vorbisfile_h=no
ac_cv_host=armv7l-unknown-linux-gnu
ac_cv_host_alias=armv7l-unknown-linux-gnu
ac_cv_lib_FLAC_FLAC__seekable_stream_decoder_process_single=no
ac_cv_lib_audio_alNewConfig=no
ac_cv_lib_dumb_duh_start_renderer=no
ac_cv_lib_pthread_pthread_create=yes
ac_cv_objext=o
ac_cv_path_WX_CONFIG=no
ac_cv_path_install='/usr/bin/install -c'
ac_cv_prog_AWK=mawk
ac_cv_prog_CPP='gcc -E'
ac_cv_prog_CXXCPP='g++ -E'
ac_cv_prog_ac_ct_CC=gcc
ac_cv_prog_ac_ct_CXX=g++
ac_cv_prog_ac_ct_RANLIB=ranlib
ac_cv_prog_ac_ct_STRIP=strip
ac_cv_prog_cc_g=yes
ac_cv_prog_cc_stdc=
ac_cv_prog_cxx_g=yes
ac_cv_prog_egrep='grep -E'
ac_cv_prog_make_make_set=yes
ac_cv_search_clock_gettime='none required'
ac_cv_target=armv7l-unknown-linux-gnu
ac_cv_target_alias=armv7l-unknown-linux-gnu
am_cv_CC_dependencies_compiler_type=gcc3
am_cv_CXX_dependencies_compiler_type=gcc3
lt_cv_archive_cmds_need_lc=no
lt_cv_compiler_c_o=yes
lt_cv_compiler_o_lo=yes
lt_cv_deplibs_check_method='file_magic ELF [0-9][0-9]*-bit [LM]SB (shared object|dynamic lib )'
lt_cv_file_magic_cmd='$MAGIC_CMD'
lt_cv_file_magic_test_file='/lib/libc.so* /lib/libc-*.so'
lt_cv_global_symbol_to_c_name_address='sed -n -e '\''s/^: \([^ ]*\) $/  {\"\1\", (lt_ptr) 0},/p'\'' -e '\''s/^[BCDEGRST] \([^ ]*\) \([^ ]*\)$/  {"\2", (lt_ptr) \&\2},/p'\'''
lt_cv_global_symbol_to_cdecl='sed -n -e '\''s/^. .* \(.*\)$/extern char \1;/p'\'''
lt_cv_ld_reload_flag=-r
lt_cv_path_LD=/usr/bin/ld
lt_cv_path_MAGIC_CMD=/usr/bin/file
lt_cv_path_NM='/usr/bin/nm -B'
lt_cv_prog_cc_can_build_shared=yes
lt_cv_prog_cc_no_builtin=
lt_cv_prog_cc_pic=' -fPIC'
lt_cv_prog_cc_pic_works=yes
lt_cv_prog_cc_shlib=
lt_cv_prog_cc_static=-static
lt_cv_prog_cc_static_works=yes
lt_cv_prog_cc_wl=-Wl,
lt_cv_prog_gnu_ld=yes
lt_cv_sys_global_symbol_pipe='sed -n -e '\''s/^.*[ 	]\([ABCDGISTW][ABCDGISTW]*\)[ 	][ 	]*\(\)\([_A-Za-z][_A-Za-z0-9]*\)$/\1 \2\3 \3/p'\'''

## ----------------- ##
## Output variables. ##
## ----------------- ##

ACLOCAL='${SHELL} /home/pi/git-repos/Pi/audiere-1.9.3/config/missing --run aclocal-1.7'
AMDEPBACKSLASH='\'
AMDEP_FALSE='#'
AMDEP_TRUE=''
AMTAR='${SHELL} /home/pi/git-repos/Pi/audiere-1.9.3/config/missing --run tar'
AUTOCONF='${SHELL} /home/pi/git-repos/Pi/audiere-1.9.3/config/missing --run autoconf'
AUTOHEADER='${SHELL} /home/pi/git-repos/Pi/audiere-1.9.3/config/missing --run autoheader'
AUTOMAKE='${SHELL} /home/pi/git-repos/Pi/audiere-1.9.3/config/missing --run automake-1.7'
AWK='mawk'
CC='gcc'
CCDEPMODE='depmode=gcc3'
CFLAGS='-g -O2 -Wall -Wno-non-virtual-dtor'
CPP='gcc -E'
CPPFLAGS=''
CXX='g++'
CXXCPP='g++ -E'
CXXDEPMODE='depmode=gcc3'
CXXFLAGS='-g -O2 -Wall -Wno-non-virtual-dtor'
CYGPATH_W='echo'
DEFS='-DPACKAGE_NAME=\"\" -DPACKAGE_TARNAME=\"\" -DPACKAGE_VERSION=\"\" -DPACKAGE_STRING=\"\" -DPACKAGE_BUGREPORT=\"\" -DPACKAGE=\"audiere\" -DVERSION=\"1.9.3\" -DSTDC_HEADERS=1 -DHAVE_SYS_TYPES_H=1 -DHAVE_SYS_STAT_H=1 -DHAVE_STDLIB_H=1 -DHAVE_STRING_H=1 -DHAVE_MEMORY_H=1 -DHAVE_STRINGS_H=1 -DHAVE_INTTYPES_H=1 -DHAVE_STDINT_H=1 -DHAVE_UNISTD_H=1 -DHAVE_DLFCN_H=1 -DNO_FLAC=1 -DNO_DUMB=1 -DHAVE_CLOCK_GETTIME=1 -DSTDC_HEADERS=1 -DHAVE_OSS=1 -DNO_OGG=1 '
DEPDIR='.deps'
ECHO='echo'
ECHO_C=''
ECHO_N='-n'
ECHO_T=''
EGREP='grep -E'
EXEEXT=''
EXTRA_LIBS='-lpthread '
HAVE_AL_FALSE=''
HAVE_AL_TRUE='#'
HAVE_DSOUND_FALSE=''
HAVE_DSOUND_TRUE='#'
HAVE_DUMB_FALSE=''
HAVE_DUMB_TRUE='#'
HAVE_FLAC_FALSE=''
HAVE_FLAC_TRUE='#'
HAVE_OGG_FALSE=''
HAVE_OGG_TRUE='#'
HAVE_OSS_FALSE='#'
HAVE_OSS_TRUE=''
HAVE_WINMM_FALSE=''
HAVE_WINMM_TRUE='#'
HAVE_WXWINDOWS_FALSE=''
HAVE_WXWINDOWS_TRUE='#'
INSTALL_DATA='${INSTALL} -m 644'
INSTALL_PROGRAM='${INSTALL}'
INSTALL_SCRIPT='${INSTALL}'
INSTALL_STRIP_PROGRAM='${SHELL} $(install_sh) -c -s'
LDFLAGS=''
LIBOBJS=''
LIBS='-lpthread '
LIBTOOL='$(SHELL) $(top_builddir)/libtool'
LN_S='ln -s'
LTLIBOBJS=''
MAKEINFO='${SHELL} /home/pi/git-repos/Pi/audiere-1.9.3/config/missing --run makeinfo'
OBJEXT='o'
PACKAGE='audiere'
PACKAGE_BUGREPORT=''
PACKAGE_NAME=''
PACKAGE_STRING=''
PACKAGE_TARNAME=''
PACKAGE_VERSION=''
PATH_SEPARATOR=':'
RANLIB='ranlib'
SET_MAKE=''
SHELL='/bin/bash'
STRIP='strip'
VERSION='1.9.3'
WORDS_BIGENDIAN=''
WX_CONFIG='no'
WX_CPPFLAGS=''
WX_LIBS=''
ac_ct_CC='gcc'
ac_ct_CXX='g++'
ac_ct_RANLIB='ranlib'
ac_ct_STRIP='strip'
am__fastdepCC_FALSE='#'
am__fastdepCC_TRUE=''
am__fastdepCXX_FALSE='#'
am__fastdepCXX_TRUE=''
am__include='include'
am__quote=''
bindir='${exec_prefix}/bin'
build='armv7l-unknown-linux-gnu'
build_alias=''
build_cpu='armv7l'
build_os='linux-gnu'
build_vendor='unknown'
datadir='${prefix}/share'
exec_prefix='${prefix}'
host='armv7l-unknown-linux-gnu'
host_alias=''
host_cpu='armv7l'
host_os='linux-gnu'
host_vendor='unknown'
includedir='${prefix}/include'
infodir='${prefix}/info'
install_sh='/home/pi/git-repos/Pi/audiere-1.9.3/config/install-sh'
libdir='${exec_prefix}/lib'
libexecdir='${exec_prefix}/libexec'
localstatedir='${prefix}/var'
mandir='${prefix}/man'
oldincludedir='/usr/include'
prefix='/usr/local'
program_transform_name='s,x,x,'
sbindir='${exec_prefix}/sbin'
sharedstatedir='${prefix}/com'
sysconfdir='${prefix}/etc'
target='armv7l-unknown-linux-gnu'
target_alias=''
target_cpu='armv7l'
target_os='linux-gnu'
target_vendor='unknown'

## ----------- ##
## confdefs.h. ##
## ----------- ##

#define HAVE_CLOCK_GETTIME 1
#define HAVE_DLFCN_H 1
#define HAVE_INTTYPES_H 1
#define HAVE_MEMORY_H 1
#define HAVE_OSS 1
#define HAVE_STDINT_H 1
#define HAVE_STDLIB_H 1
#define HAVE_STRINGS_H 1
#define HAVE_STRING_H 1
#define HAVE_SYS_STAT_H 1
#define HAVE_SYS_TYPES_H 1
#define HAVE_UNISTD_H 1
#define NO_DUMB 1
#define NO_FLAC 1
#define NO_OGG 1
#define PACKAGE "audiere"
#define PACKAGE_BUGREPORT ""
#define PACKAGE_NAME ""
#define PACKAGE_STRING ""
#define PACKAGE_TARNAME ""
#define PACKAGE_VERSION ""
#define STDC_HEADERS 1
#define STDC_HEADERS 1
#define VERSION "1.9.3"
#endif
#ifdef __cplusplus
#include <stdlib.h>

configure: exit 0
