Build started 10/12/2015 12:40:59.
     1>Project "C:\Users\Alex\Documents\GitHub\Pi\WindowsBuild\WindowsBuild\WindowsBuild.vcxproj" on node 2 (Build target(s)).
     1>ClCompile:
         C:\Program Files (x86)\Microsoft Visual Studio 14.0\VC\bin\x86_amd64\CL.exe /c /ZI /nologo /W3 /WX- /sdl /Od /D _DEBUG /D _WINDOWS /D _UNICODE /D UNICODE /Gm /EHsc /RTC1 /MDd /GS /fp:precise /Zc:wchar_t /Zc:forScope /Zc:inline /Fo"x64\Debug\\" /Fd"x64\Debug\vc140.pdb" /Gd /TP /errorReport:prompt ..\..\SourceCode\Ammo.cpp ..\..\SourceCode\BasicEnemy.cpp ..\..\SourceCode\Bullet.cpp ..\..\SourceCode\Collectable.cpp ..\..\SourceCode\EnemyShip.cpp ..\..\SourceCode\EventReceiver.cpp ..\..\SourceCode\FastEnemy.cpp ..\..\SourceCode\Game.cpp ..\..\SourceCode\Gem.cpp ..\..\SourceCode\Object.cpp ..\..\SourceCode\PlayerShip.cpp ..\..\SourceCode\Ship.cpp ..\..\SourceCode\StaticObject.cpp ..\..\SourceCode\StrongEnemy.cpp ..\..\SourceCode\Testing.cpp ..\..\SourceCode\main.cpp
         main.cpp
         Testing.cpp
     1>c:\users\alex\documents\github\pi\sourcecode\testing.cpp(25): warning C4244: 'argument': conversion from 'int' to 'irr::f32', possible loss of data
         StrongEnemy.cpp
         StaticObject.cpp
     1>c:\users\alex\documents\github\pi\sourcecode\staticobject.cpp(11): warning C4244: '=': conversion from 'int' to 'float', possible loss of data
         Ship.cpp
         PlayerShip.cpp
         Object.cpp
         Gem.cpp
         Game.cpp
     1>c:\users\alex\documents\github\pi\sourcecode\game.cpp(56): warning C4244: 'argument': conversion from 'int' to 'irr::f32', possible loss of data
     1>c:\users\alex\documents\github\pi\sourcecode\game.cpp(59): warning C4244: 'argument': conversion from 'int' to 'irr::f32', possible loss of data
     1>c:\users\alex\documents\github\pi\sourcecode\game.cpp(63): warning C4244: 'argument': conversion from 'int' to 'irr::f32', possible loss of data
     1>c:\users\alex\documents\github\pi\sourcecode\game.cpp(64): warning C4244: 'argument': conversion from 'int' to 'irr::f32', possible loss of data
     1>c:\users\alex\documents\github\pi\sourcecode\game.cpp(84): warning C4244: 'argument': conversion from 'int' to 'irr::f32', possible loss of data
     1>c:\users\alex\documents\github\pi\sourcecode\game.cpp(94): warning C4244: 'argument': conversion from 'int' to 'irr::f32', possible loss of data
     1>c:\users\alex\documents\github\pi\sourcecode\game.cpp(104): warning C4244: 'argument': conversion from 'int' to 'irr::f32', possible loss of data
         FastEnemy.cpp
         EventReceiver.cpp
         EnemyShip.cpp
         Collectable.cpp
         Bullet.cpp
         BasicEnemy.cpp
         Ammo.cpp
         Generating Code...
       Link:
         C:\Program Files (x86)\Microsoft Visual Studio 14.0\VC\bin\x86_amd64\link.exe /ERRORREPORT:PROMPT /OUT:"C:\Users\Alex\Documents\GitHub\Pi\WindowsBuild\x64\Debug\WindowsBuild.exe" /INCREMENTAL /NOLOGO kernel32.lib user32.lib gdi32.lib winspool.lib comdlg32.lib advapi32.lib shell32.lib ole32.lib oleaut32.lib uuid.lib odbc32.lib odbccp32.lib /MANIFEST /MANIFESTUAC:"level='asInvoker' uiAccess='false'" /manifest:embed /Debug /PDB:"C:\Users\Alex\Documents\GitHub\Pi\WindowsBuild\x64\Debug\WindowsBuild.pdb" /SUBSYSTEM:WINDOWS /TLBID:1 /DYNAMICBASE /NXCOMPAT /IMPLIB:"C:\Users\Alex\Documents\GitHub\Pi\WindowsBuild\x64\Debug\WindowsBuild.lib" /MACHINE:X64 x64\Debug\Ammo.obj
         x64\Debug\BasicEnemy.obj
         x64\Debug\Bullet.obj
         x64\Debug\Collectable.obj
         x64\Debug\EnemyShip.obj
         x64\Debug\EventReceiver.obj
         x64\Debug\FastEnemy.obj
         x64\Debug\Game.obj
         x64\Debug\Gem.obj
         x64\Debug\main.obj
         x64\Debug\Object.obj
         x64\Debug\PlayerShip.obj
         x64\Debug\Ship.obj
         x64\Debug\StaticObject.obj
         x64\Debug\StrongEnemy.obj
         x64\Debug\Testing.obj
     1>Game.obj : error LNK2019: unresolved external symbol __imp_createDevice referenced in function "public: __cdecl Game::Game(void)" (??0Game@@QEAA@XZ)
     1>Testing.obj : error LNK2001: unresolved external symbol __imp_createDevice
     1>C:\Users\Alex\Documents\GitHub\Pi\WindowsBuild\WindowsBuild\\..\..\irrlicht-1.8.3\lib\Win32-visualstudio\Irrlicht.lib : warning LNK4272: library machine type 'X86' conflicts with target machine type 'x64'
     1>C:\Users\Alex\Documents\GitHub\Pi\WindowsBuild\x64\Debug\WindowsBuild.exe : fatal error LNK1120: 1 unresolved externals
     1>Done Building Project "C:\Users\Alex\Documents\GitHub\Pi\WindowsBuild\WindowsBuild\WindowsBuild.vcxproj" (Build target(s)) -- FAILED.

Build FAILED.

Time Elapsed 00:00:36.60
