Build started 10/12/2015 15:56:01.
     1>Project "C:\Users\Alex\Documents\GitHub\Pi\WindowsBuild\WindowsBuild\WindowsBuild.vcxproj" on node 2 (Build target(s)).
     1>ClCompile:
         C:\Program Files (x86)\Microsoft Visual Studio 14.0\VC\bin\CL.exe /c /ZI /nologo /W3 /WX- /sdl /Od /Oy- /D WIN32 /D _DEBUG /D _WINDOWS /D _UNICODE /D UNICODE /Gm /EHsc /RTC1 /MDd /GS /fp:precise /Zc:wchar_t /Zc:forScope /Zc:inline /Fo"Debug\\" /Fd"Debug\vc140.pdb" /Gd /TP /analyze- /errorReport:prompt ..\..\SourceCode\Ammo.cpp ..\..\SourceCode\BasicEnemy.cpp ..\..\SourceCode\Bullet.cpp ..\..\SourceCode\Collectable.cpp ..\..\SourceCode\EnemyShip.cpp ..\..\SourceCode\EventReceiver.cpp ..\..\SourceCode\FastEnemy.cpp ..\..\SourceCode\Game.cpp ..\..\SourceCode\Gem.cpp ..\..\SourceCode\Object.cpp ..\..\SourceCode\PlayerShip.cpp ..\..\SourceCode\Ship.cpp ..\..\SourceCode\StaticObject.cpp ..\..\SourceCode\StrongEnemy.cpp ..\..\SourceCode\Testing.cpp ..\..\SourceCode\main.cpp
         main.cpp
         Generating Code...
         Compiling...
         Testing.cpp
     1>c:\users\alex\documents\github\pi\sourcecode\testing.cpp(25): warning C4244: 'argument': conversion from 'int' to 'irr::f32', possible loss of data
         Generating Code...
         Skipping... (no relevant changes detected)
         StrongEnemy.cpp
         StaticObject.cpp
         Ship.cpp
         PlayerShip.cpp
         Object.cpp
         Gem.cpp
         Game.cpp
         FastEnemy.cpp
         EventReceiver.cpp
         EnemyShip.cpp
         Collectable.cpp
         Bullet.cpp
         BasicEnemy.cpp
         Ammo.cpp
       Link:
         C:\Program Files (x86)\Microsoft Visual Studio 14.0\VC\bin\link.exe /ERRORREPORT:PROMPT /OUT:"C:\Users\Alex\Documents\GitHub\Pi\WindowsBuild\Debug\WindowsBuild.exe" /INCREMENTAL /NOLOGO kernel32.lib user32.lib gdi32.lib winspool.lib comdlg32.lib advapi32.lib shell32.lib ole32.lib oleaut32.lib uuid.lib odbc32.lib odbccp32.lib /MANIFEST /MANIFESTUAC:"level='asInvoker' uiAccess='false'" /manifest:embed /Debug /PDB:"C:\Users\Alex\Documents\GitHub\Pi\WindowsBuild\Debug\WindowsBuild.pdb" /SUBSYSTEM:WINDOWS /TLBID:1 /DYNAMICBASE /NXCOMPAT /IMPLIB:"C:\Users\Alex\Documents\GitHub\Pi\WindowsBuild\Debug\WindowsBuild.lib" /MACHINE:X86 Debug\Ammo.obj
         Debug\BasicEnemy.obj
         Debug\Bullet.obj
         Debug\Collectable.obj
         Debug\EnemyShip.obj
         Debug\EventReceiver.obj
         Debug\FastEnemy.obj
         Debug\Game.obj
         Debug\Gem.obj
         Debug\main.obj
         Debug\Object.obj
         Debug\PlayerShip.obj
         Debug\Ship.obj
         Debug\StaticObject.obj
         Debug\StrongEnemy.obj
         Debug\Testing.obj
         WindowsBuild.vcxproj -> C:\Users\Alex\Documents\GitHub\Pi\WindowsBuild\Debug\WindowsBuild.exe
     1>Done Building Project "C:\Users\Alex\Documents\GitHub\Pi\WindowsBuild\WindowsBuild\WindowsBuild.vcxproj" (Build target(s)).

Build succeeded.

Time Elapsed 00:00:02.95
